[2022-10-26 12:50:57Z INFO HostContext] No proxy settings were found based on environmental variables (http_proxy/https_proxy/HTTP_PROXY/HTTPS_PROXY)
[2022-10-26 12:50:57Z INFO HostContext] Well known directory 'Bin': '/home/bj/C+/scripts-testing/sysadmins/actions-runner/bin'
[2022-10-26 12:50:57Z INFO HostContext] Well known directory 'Root': '/home/bj/C+/scripts-testing/sysadmins/actions-runner'
[2022-10-26 12:50:57Z INFO HostContext] Well known config file 'Credentials': '/home/bj/C+/scripts-testing/sysadmins/actions-runner/.credentials'
[2022-10-26 12:50:57Z INFO HostContext] Well known directory 'Bin': '/home/bj/C+/scripts-testing/sysadmins/actions-runner/bin'
[2022-10-26 12:50:57Z INFO HostContext] Well known directory 'Root': '/home/bj/C+/scripts-testing/sysadmins/actions-runner'
[2022-10-26 12:50:57Z INFO HostContext] Well known config file 'Runner': '/home/bj/C+/scripts-testing/sysadmins/actions-runner/.runner'
[2022-10-26 12:50:57Z INFO Listener] Runner is built for Linux (X64) - linux-x64.
[2022-10-26 12:50:57Z INFO Listener] RuntimeInformation: Linux 5.15.0-50-generic #56-Ubuntu SMP Tue Sep 20 13:23:26 UTC 2022.
[2022-10-26 12:50:57Z INFO Listener] Version: 2.298.2
[2022-10-26 12:50:57Z INFO Listener] Commit: f49f0247c8f15ef51086a7c2405333cb91c6f3cd
[2022-10-26 12:50:57Z INFO Listener] Culture: en-US
[2022-10-26 12:50:57Z INFO Listener] UI Culture: en-US
[2022-10-26 12:50:57Z INFO HostContext] Well known directory 'Bin': '/home/bj/C+/scripts-testing/sysadmins/actions-runner/bin'
[2022-10-26 12:50:57Z INFO HostContext] Well known directory 'Root': '/home/bj/C+/scripts-testing/sysadmins/actions-runner'
[2022-10-26 12:50:57Z INFO Listener] Validating directory permissions for: '/home/bj/C+/scripts-testing/sysadmins/actions-runner'
[2022-10-26 12:50:57Z INFO CommandLineParser] Parse
[2022-10-26 12:50:57Z INFO CommandLineParser] Parsing 5 args
[2022-10-26 12:50:57Z INFO CommandLineParser] parsing argument
[2022-10-26 12:50:57Z INFO CommandLineParser] HasArgs: False
[2022-10-26 12:50:57Z INFO CommandLineParser] Adding Command: configure
[2022-10-26 12:50:57Z INFO CommandLineParser] parsing argument
[2022-10-26 12:50:57Z INFO CommandLineParser] HasArgs: True
[2022-10-26 12:50:57Z INFO CommandLineParser] arg: url
[2022-10-26 12:50:57Z INFO CommandLineParser] parsing argument
[2022-10-26 12:50:57Z INFO CommandLineParser] HasArgs: True
[2022-10-26 12:50:57Z INFO CommandLineParser] Adding option 'url': 'https://github.com/jablon1989/sysadmins'
[2022-10-26 12:50:57Z INFO CommandLineParser] parsing argument
[2022-10-26 12:50:57Z INFO CommandLineParser] HasArgs: True
[2022-10-26 12:50:57Z INFO CommandLineParser] arg: token
[2022-10-26 12:50:57Z INFO CommandLineParser] parsing argument
[2022-10-26 12:50:57Z INFO CommandLineParser] HasArgs: True
[2022-10-26 12:50:57Z INFO CommandLineParser] Adding option 'token': '***'
[2022-10-26 12:50:57Z INFO Listener] Arguments parsed
[2022-10-26 12:50:57Z INFO Runner] ExecuteCommand
[2022-10-26 12:50:57Z INFO ConfigurationStore] currentAssemblyLocation: /home/bj/C+/scripts-testing/sysadmins/actions-runner/bin/Runner.Listener.dll
[2022-10-26 12:50:57Z INFO HostContext] Well known directory 'Bin': '/home/bj/C+/scripts-testing/sysadmins/actions-runner/bin'
[2022-10-26 12:50:57Z INFO ConfigurationStore] binPath: /home/bj/C+/scripts-testing/sysadmins/actions-runner/bin
[2022-10-26 12:50:57Z INFO HostContext] Well known directory 'Bin': '/home/bj/C+/scripts-testing/sysadmins/actions-runner/bin'
[2022-10-26 12:50:57Z INFO HostContext] Well known directory 'Root': '/home/bj/C+/scripts-testing/sysadmins/actions-runner'
[2022-10-26 12:50:57Z INFO ConfigurationStore] RootFolder: /home/bj/C+/scripts-testing/sysadmins/actions-runner
[2022-10-26 12:50:57Z INFO HostContext] Well known directory 'Bin': '/home/bj/C+/scripts-testing/sysadmins/actions-runner/bin'
[2022-10-26 12:50:57Z INFO HostContext] Well known directory 'Root': '/home/bj/C+/scripts-testing/sysadmins/actions-runner'
[2022-10-26 12:50:57Z INFO HostContext] Well known config file 'Runner': '/home/bj/C+/scripts-testing/sysadmins/actions-runner/.runner'
[2022-10-26 12:50:57Z INFO ConfigurationStore] ConfigFilePath: /home/bj/C+/scripts-testing/sysadmins/actions-runner/.runner
[2022-10-26 12:50:57Z INFO HostContext] Well known directory 'Bin': '/home/bj/C+/scripts-testing/sysadmins/actions-runner/bin'
[2022-10-26 12:50:57Z INFO HostContext] Well known directory 'Root': '/home/bj/C+/scripts-testing/sysadmins/actions-runner'
[2022-10-26 12:50:57Z INFO HostContext] Well known config file 'Credentials': '/home/bj/C+/scripts-testing/sysadmins/actions-runner/.credentials'
[2022-10-26 12:50:57Z INFO ConfigurationStore] CredFilePath: /home/bj/C+/scripts-testing/sysadmins/actions-runner/.credentials
[2022-10-26 12:50:57Z INFO HostContext] Well known directory 'Bin': '/home/bj/C+/scripts-testing/sysadmins/actions-runner/bin'
[2022-10-26 12:50:57Z INFO HostContext] Well known directory 'Root': '/home/bj/C+/scripts-testing/sysadmins/actions-runner'
[2022-10-26 12:50:57Z INFO HostContext] Well known config file 'MigratedCredentials': '/home/bj/C+/scripts-testing/sysadmins/actions-runner/.credentials_migrated'
[2022-10-26 12:50:57Z INFO ConfigurationStore] MigratedCredFilePath: /home/bj/C+/scripts-testing/sysadmins/actions-runner/.credentials_migrated
[2022-10-26 12:50:57Z INFO HostContext] Well known directory 'Bin': '/home/bj/C+/scripts-testing/sysadmins/actions-runner/bin'
[2022-10-26 12:50:57Z INFO HostContext] Well known directory 'Root': '/home/bj/C+/scripts-testing/sysadmins/actions-runner'
[2022-10-26 12:50:57Z INFO HostContext] Well known config file 'Service': '/home/bj/C+/scripts-testing/sysadmins/actions-runner/.service'
[2022-10-26 12:50:57Z INFO ConfigurationStore] ServiceConfigFilePath: /home/bj/C+/scripts-testing/sysadmins/actions-runner/.service
[2022-10-26 12:50:57Z INFO CommandSettings] Flag 'help': 'False'
[2022-10-26 12:50:57Z INFO CommandSettings] Flag 'version': 'False'
[2022-10-26 12:50:57Z INFO CommandSettings] Flag 'commit': 'False'
[2022-10-26 12:50:57Z INFO CommandSettings] Flag 'check': 'False'
[2022-10-26 12:50:57Z INFO CommandSettings] Command 'configure': 'True'
[2022-10-26 12:50:57Z INFO Terminal] WRITE LINE: 
[2022-10-26 12:50:57Z INFO Terminal] WRITE LINE: --------------------------------------------------------------------------------
[2022-10-26 12:50:57Z INFO Terminal] WRITE LINE: |        ____ _ _   _   _       _          _        _   _                      |
[2022-10-26 12:50:57Z INFO Terminal] WRITE LINE: |       / ___(_) |_| | | |_   _| |__      / \   ___| |_(_) ___  _ __  ___      |
[2022-10-26 12:50:57Z INFO Terminal] WRITE LINE: |      | |  _| | __| |_| | | | | '_ \    / _ \ / __| __| |/ _ \| '_ \/ __|     |
[2022-10-26 12:50:57Z INFO Terminal] WRITE LINE: |      | |_| | | |_|  _  | |_| | |_) |  / ___ \ (__| |_| | (_) | | | \__ \     |
[2022-10-26 12:50:57Z INFO Terminal] WRITE LINE: |       \____|_|\__|_| |_|\__,_|_.__/  /_/   \_\___|\__|_|\___/|_| |_|___/     |
[2022-10-26 12:50:57Z INFO Terminal] WRITE LINE: |                                                                              |
[2022-10-26 12:50:57Z INFO Terminal] WRITE: |                       
[2022-10-26 12:50:57Z INFO Terminal] WRITE: Self-hosted runner registration
[2022-10-26 12:50:57Z INFO Terminal] WRITE LINE:                         |
[2022-10-26 12:50:57Z INFO Terminal] WRITE LINE: |                                                                              |
[2022-10-26 12:50:57Z INFO Terminal] WRITE LINE: --------------------------------------------------------------------------------
[2022-10-26 12:50:57Z INFO ConfigurationManager] ConfigureAsync
[2022-10-26 12:50:57Z INFO ConfigurationStore] IsConfigured()
[2022-10-26 12:50:57Z INFO ConfigurationStore] IsConfigured: False
[2022-10-26 12:50:57Z INFO ConfigurationManager] Is configured: False
[2022-10-26 12:50:57Z INFO CommandSettings] Arg 'url': 'https://github.com/jablon1989/sysadmins'
[2022-10-26 12:50:57Z INFO CommandSettings] Remove url from Arg dictionary.
[2022-10-26 12:50:57Z INFO CommandSettings] Arg 'token': '***'
[2022-10-26 12:50:57Z INFO CommandSettings] Remove token from Arg dictionary.
[2022-10-26 12:50:58Z INFO ConfigurationManager] Http response code: OK from 'POST https://api.github.com/actions/runner-registration'
[2022-10-26 12:50:58Z INFO ConfigurationManager] cred retrieved via GitHub auth
[2022-10-26 12:50:58Z INFO RunnerServer] Establish connection with 100 seconds timeout.
[2022-10-26 12:50:58Z INFO GitHubActionsService] Starting operation Location.GetConnectionData
[2022-10-26 12:50:58Z INFO RunnerServer] Establish connection with 60 seconds timeout.
[2022-10-26 12:50:58Z INFO GitHubActionsService] Starting operation Location.GetConnectionData
[2022-10-26 12:50:58Z INFO RunnerServer] Establish connection with 60 seconds timeout.
[2022-10-26 12:50:58Z INFO GitHubActionsService] Starting operation Location.GetConnectionData
[2022-10-26 12:50:59Z INFO GitHubActionsService] Finished operation Location.GetConnectionData
[2022-10-26 12:50:59Z INFO GitHubActionsService] Finished operation Location.GetConnectionData
[2022-10-26 12:50:59Z INFO GitHubActionsService] Finished operation Location.GetConnectionData
[2022-10-26 12:50:59Z INFO Terminal] WRITE LINE: 
[2022-10-26 12:50:59Z INFO ConfigurationManager] Test Connection complete.
[2022-10-26 12:50:59Z INFO HostContext] Well known directory 'Bin': '/home/bj/C+/scripts-testing/sysadmins/actions-runner/bin'
[2022-10-26 12:50:59Z INFO HostContext] Well known directory 'Root': '/home/bj/C+/scripts-testing/sysadmins/actions-runner'
[2022-10-26 12:50:59Z INFO HostContext] Well known config file 'RSACredentials': '/home/bj/C+/scripts-testing/sysadmins/actions-runner/.credentials_rsaparams'
[2022-10-26 12:50:59Z INFO RSAFileKeyManager] Creating new RSA key using 2048-bit key length
[2022-10-26 12:50:59Z INFO RSAFileKeyManager] Successfully saved RSA key parameters to file /home/bj/C+/scripts-testing/sysadmins/actions-runner/.credentials_rsaparams
[2022-10-26 12:50:59Z INFO RSAFileKeyManager] Which: 'chmod'
[2022-10-26 12:50:59Z INFO RSAFileKeyManager] Location: '/usr/bin/chmod'
[2022-10-26 12:50:59Z INFO HostContext] Well known directory 'Bin': '/home/bj/C+/scripts-testing/sysadmins/actions-runner/bin'
[2022-10-26 12:50:59Z INFO HostContext] Well known directory 'Root': '/home/bj/C+/scripts-testing/sysadmins/actions-runner'
[2022-10-26 12:50:59Z INFO ProcessInvokerWrapper] Starting process:
[2022-10-26 12:50:59Z INFO ProcessInvokerWrapper]   File name: '/usr/bin/chmod'
[2022-10-26 12:50:59Z INFO ProcessInvokerWrapper]   Arguments: '600 /home/bj/C+/scripts-testing/sysadmins/actions-runner/.credentials_rsaparams'
[2022-10-26 12:50:59Z INFO ProcessInvokerWrapper]   Working directory: '/home/bj/C+/scripts-testing/sysadmins/actions-runner'
[2022-10-26 12:50:59Z INFO ProcessInvokerWrapper]   Require exit code zero: 'False'
[2022-10-26 12:50:59Z INFO ProcessInvokerWrapper]   Encoding web name:  ; code page: ''
[2022-10-26 12:50:59Z INFO ProcessInvokerWrapper]   Force kill process on cancellation: 'False'
[2022-10-26 12:50:59Z INFO ProcessInvokerWrapper]   Redirected STDIN: 'False'
[2022-10-26 12:50:59Z INFO ProcessInvokerWrapper]   Persist current code page: 'False'
[2022-10-26 12:50:59Z INFO ProcessInvokerWrapper]   Keep redirected STDIN open: 'False'
[2022-10-26 12:50:59Z INFO ProcessInvokerWrapper]   High priority process: 'False'
[2022-10-26 12:50:59Z INFO ProcessInvokerWrapper] Process started with process id 792688, waiting for process exit.
[2022-10-26 12:50:59Z INFO ProcessInvokerWrapper] STDOUT/STDERR stream read finished.
[2022-10-26 12:50:59Z INFO ProcessInvokerWrapper] STDOUT/STDERR stream read finished.
[2022-10-26 12:50:59Z INFO ProcessInvokerWrapper] Finished process 792688 with exit code 0, and elapsed time 00:00:00.0059185.
[2022-10-26 12:50:59Z INFO RSAFileKeyManager] Successfully set permissions for RSA key parameters file /home/bj/C+/scripts-testing/sysadmins/actions-runner/.credentials_rsaparams
[2022-10-26 12:50:59Z INFO CommandSettings] Arg 'runnergroup': ''
[2022-10-26 12:50:59Z INFO CommandSettings] Flag 'unattended': 'False'
[2022-10-26 12:50:59Z INFO PromptManager] ReadValue
[2022-10-26 12:50:59Z INFO Terminal] WRITE: Enter the name of the runner group to add this runner to: 
[2022-10-26 12:50:59Z INFO Terminal] WRITE: [press Enter for Default] 
[2022-10-26 12:50:59Z INFO Terminal] READ LINE
[2022-10-26 12:51:01Z INFO Terminal] Read value: ''
[2022-10-26 12:51:01Z INFO PromptManager] Falling back to the default: 'Default'
[2022-10-26 12:51:01Z INFO Terminal] WRITE LINE: 
[2022-10-26 12:51:01Z INFO ConfigurationManager] Found a self-hosted runner group with id 1 and name Default
[2022-10-26 12:51:01Z INFO CommandSettings] Flag 'disableupdate': 'False'
[2022-10-26 12:51:01Z INFO CommandSettings] Flag 'ephemeral': 'False'
[2022-10-26 12:51:01Z INFO CommandSettings] Arg 'name': ''
[2022-10-26 12:51:01Z INFO CommandSettings] Flag 'unattended': 'False'
[2022-10-26 12:51:01Z INFO PromptManager] ReadValue
[2022-10-26 12:51:01Z INFO Terminal] WRITE: Enter the name of runner: 
[2022-10-26 12:51:01Z INFO Terminal] WRITE: [press Enter for work] 
[2022-10-26 12:51:01Z INFO Terminal] READ LINE
[2022-10-26 12:51:07Z INFO Terminal] Read value: 'test'
[2022-10-26 12:51:07Z INFO Terminal] WRITE LINE: 
[2022-10-26 12:51:07Z INFO CommandSettings] Arg 'labels': ''
[2022-10-26 12:51:07Z INFO CommandSettings] Flag 'unattended': 'False'
[2022-10-26 12:51:07Z INFO PromptManager] ReadValue
[2022-10-26 12:51:07Z INFO Terminal] WRITE: This runner will have the following labels: 'self-hosted', 'Linux', 'X64' 
Enter any additional labels (ex. label-1,label-2): 
[2022-10-26 12:51:07Z INFO Terminal] WRITE: [press Enter to skip] 
[2022-10-26 12:51:07Z INFO Terminal] READ LINE
[2022-10-26 12:51:15Z INFO Terminal] Read value: ''
[2022-10-26 12:51:15Z INFO Terminal] WRITE LINE: 
[2022-10-26 12:51:16Z INFO CommandSettings] Flag 'disableupdate': 'False'
[2022-10-26 12:51:16Z INFO CommandSettings] Flag 'disableupdate': 'False'
[2022-10-26 12:51:16Z INFO CommandSettings] Flag 'ephemeral': 'False'
[2022-10-26 12:51:16Z INFO ConfigurationStore] Saving OAuth credential @ /home/bj/C+/scripts-testing/sysadmins/actions-runner/.credentials
[2022-10-26 12:51:16Z INFO ConfigurationStore] Credentials Saved.
[2022-10-26 12:51:16Z INFO ConfigurationStore] HasCredentials()
[2022-10-26 12:51:16Z INFO ConfigurationStore] stored True
[2022-10-26 12:51:16Z INFO CredentialManager] GetCredentialProvider
[2022-10-26 12:51:16Z INFO CredentialManager] Creating type OAuth
[2022-10-26 12:51:16Z INFO CredentialManager] Creating credential type: OAuth
[2022-10-26 12:51:16Z INFO RSAFileKeyManager] Loading RSA key parameters from file /home/bj/C+/scripts-testing/sysadmins/actions-runner/.credentials_rsaparams
[2022-10-26 12:51:16Z INFO RunnerServer] Establish connection with 100 seconds timeout.
[2022-10-26 12:51:16Z INFO GitHubActionsService] Starting operation Location.GetConnectionData
[2022-10-26 12:51:16Z INFO RunnerServer] Establish connection with 60 seconds timeout.
[2022-10-26 12:51:16Z INFO GitHubActionsService] Starting operation Location.GetConnectionData
[2022-10-26 12:51:16Z INFO RunnerServer] Establish connection with 60 seconds timeout.
[2022-10-26 12:51:16Z INFO GitHubActionsService] Starting operation Location.GetConnectionData
[2022-10-26 12:51:16Z INFO GitHubActionsService] Finished operation Location.GetConnectionData
[2022-10-26 12:51:16Z INFO GitHubActionsService] Finished operation Location.GetConnectionData
[2022-10-26 12:51:16Z INFO GitHubActionsService] Finished operation Location.GetConnectionData
[2022-10-26 12:51:17Z INFO RSAFileKeyManager] Loading RSA key parameters from file /home/bj/C+/scripts-testing/sysadmins/actions-runner/.credentials_rsaparams
[2022-10-26 12:51:17Z INFO RSAFileKeyManager] Loading RSA key parameters from file /home/bj/C+/scripts-testing/sysadmins/actions-runner/.credentials_rsaparams
[2022-10-26 12:51:17Z INFO GitHubActionsService] AAD Correlation ID for this token request: Unknown
[2022-10-26 12:51:17Z INFO CommandSettings] Arg 'work': ''
[2022-10-26 12:51:17Z INFO CommandSettings] Flag 'unattended': 'False'
[2022-10-26 12:51:17Z INFO PromptManager] ReadValue
[2022-10-26 12:51:17Z INFO Terminal] WRITE: Enter name of work folder: 
[2022-10-26 12:51:17Z INFO Terminal] WRITE: [press Enter for _work] 
[2022-10-26 12:51:17Z INFO Terminal] READ LINE
[2022-10-26 12:51:22Z INFO Terminal] Read value: ''
[2022-10-26 12:51:22Z INFO PromptManager] Falling back to the default: '_work'
[2022-10-26 12:51:22Z INFO ConfigurationStore] Saving runner settings.
[2022-10-26 12:51:22Z INFO ConfigurationStore] Settings Saved.
[2022-10-26 12:51:22Z INFO Terminal] WRITE LINE: 
[2022-10-26 12:51:22Z INFO Terminal] WRITE LINE: 
[2022-10-26 12:51:22Z INFO SystemDControlManager] Service name 'actions.runner.jablon1989-sysadmins.test.service' display name 'GitHub Actions Runner (jablon1989-sysadmins.test)' will be used for service configuration.
[2022-10-26 12:51:22Z INFO HostContext] Well known directory 'Bin': '/home/bj/C+/scripts-testing/sysadmins/actions-runner/bin'
[2022-10-26 12:51:22Z INFO HostContext] Well known directory 'Root': '/home/bj/C+/scripts-testing/sysadmins/actions-runner'
[2022-10-26 12:51:22Z INFO HostContext] Well known directory 'Bin': '/home/bj/C+/scripts-testing/sysadmins/actions-runner/bin'
[2022-10-26 12:51:22Z INFO HostContext] Well known directory 'Bin': '/home/bj/C+/scripts-testing/sysadmins/actions-runner/bin'
[2022-10-26 12:51:22Z INFO HostContext] Well known directory 'Root': '/home/bj/C+/scripts-testing/sysadmins/actions-runner'
[2022-10-26 12:51:22Z INFO UnixUtil] Which: 'chmod'
[2022-10-26 12:51:22Z INFO UnixUtil] Location: '/usr/bin/chmod'
[2022-10-26 12:51:22Z INFO UnixUtil] Running /usr/bin/chmod 755 "/home/bj/C+/scripts-testing/sysadmins/actions-runner/svc.sh"
[2022-10-26 12:51:22Z INFO ProcessInvokerWrapper] Starting process:
[2022-10-26 12:51:22Z INFO ProcessInvokerWrapper]   File name: '/usr/bin/chmod'
[2022-10-26 12:51:22Z INFO ProcessInvokerWrapper]   Arguments: '755 "/home/bj/C+/scripts-testing/sysadmins/actions-runner/svc.sh"'
[2022-10-26 12:51:22Z INFO ProcessInvokerWrapper]   Working directory: '/home/bj/C+/scripts-testing/sysadmins/actions-runner'
[2022-10-26 12:51:22Z INFO ProcessInvokerWrapper]   Require exit code zero: 'True'
[2022-10-26 12:51:22Z INFO ProcessInvokerWrapper]   Encoding web name:  ; code page: ''
[2022-10-26 12:51:22Z INFO ProcessInvokerWrapper]   Force kill process on cancellation: 'False'
[2022-10-26 12:51:22Z INFO ProcessInvokerWrapper]   Redirected STDIN: 'False'
[2022-10-26 12:51:22Z INFO ProcessInvokerWrapper]   Persist current code page: 'False'
[2022-10-26 12:51:22Z INFO ProcessInvokerWrapper]   Keep redirected STDIN open: 'False'
[2022-10-26 12:51:22Z INFO ProcessInvokerWrapper]   High priority process: 'False'
[2022-10-26 12:51:22Z INFO ProcessInvokerWrapper] Updated oom_score_adj to 500 for PID: 793321.
[2022-10-26 12:51:22Z INFO ProcessInvokerWrapper] Process started with process id 793321, waiting for process exit.
[2022-10-26 12:51:22Z INFO ProcessInvokerWrapper] STDOUT/STDERR stream read finished.
[2022-10-26 12:51:22Z INFO ProcessInvokerWrapper] STDOUT/STDERR stream read finished.
[2022-10-26 12:51:22Z INFO ProcessInvokerWrapper] Finished process 793321 with exit code 0, and elapsed time 00:00:00.0010442.
[2022-10-26 12:51:22Z INFO Listener] Runner execution has finished with return code 0
