[2022-10-26 12:51:29Z INFO HostContext] No proxy settings were found based on environmental variables (http_proxy/https_proxy/HTTP_PROXY/HTTPS_PROXY)
[2022-10-26 12:51:29Z INFO HostContext] Well known directory 'Bin': '/home/bj/C+/scripts-testing/sysadmins/actions-runner/bin'
[2022-10-26 12:51:29Z INFO HostContext] Well known directory 'Root': '/home/bj/C+/scripts-testing/sysadmins/actions-runner'
[2022-10-26 12:51:29Z INFO HostContext] Well known config file 'Credentials': '/home/bj/C+/scripts-testing/sysadmins/actions-runner/.credentials'
[2022-10-26 12:51:30Z INFO HostContext] Well known directory 'Bin': '/home/bj/C+/scripts-testing/sysadmins/actions-runner/bin'
[2022-10-26 12:51:30Z INFO HostContext] Well known directory 'Root': '/home/bj/C+/scripts-testing/sysadmins/actions-runner'
[2022-10-26 12:51:30Z INFO HostContext] Well known config file 'Runner': '/home/bj/C+/scripts-testing/sysadmins/actions-runner/.runner'
[2022-10-26 12:51:30Z INFO Listener] Runner is built for Linux (X64) - linux-x64.
[2022-10-26 12:51:30Z INFO Listener] RuntimeInformation: Linux 5.15.0-50-generic #56-Ubuntu SMP Tue Sep 20 13:23:26 UTC 2022.
[2022-10-26 12:51:30Z INFO Listener] Version: 2.298.2
[2022-10-26 12:51:30Z INFO Listener] Commit: f49f0247c8f15ef51086a7c2405333cb91c6f3cd
[2022-10-26 12:51:30Z INFO Listener] Culture: en-US
[2022-10-26 12:51:30Z INFO Listener] UI Culture: en-US
[2022-10-26 12:51:30Z INFO HostContext] Well known directory 'Bin': '/home/bj/C+/scripts-testing/sysadmins/actions-runner/bin'
[2022-10-26 12:51:30Z INFO HostContext] Well known directory 'Root': '/home/bj/C+/scripts-testing/sysadmins/actions-runner'
[2022-10-26 12:51:30Z INFO Listener] Validating directory permissions for: '/home/bj/C+/scripts-testing/sysadmins/actions-runner'
[2022-10-26 12:51:30Z INFO CommandLineParser] Parse
[2022-10-26 12:51:30Z INFO CommandLineParser] Parsing 1 args
[2022-10-26 12:51:30Z INFO CommandLineParser] parsing argument
[2022-10-26 12:51:30Z INFO CommandLineParser] HasArgs: False
[2022-10-26 12:51:30Z INFO CommandLineParser] Adding Command: run
[2022-10-26 12:51:30Z INFO Listener] Arguments parsed
[2022-10-26 12:51:30Z INFO Runner] ExecuteCommand
[2022-10-26 12:51:30Z INFO ConfigurationStore] currentAssemblyLocation: /home/bj/C+/scripts-testing/sysadmins/actions-runner/bin/Runner.Listener.dll
[2022-10-26 12:51:30Z INFO HostContext] Well known directory 'Bin': '/home/bj/C+/scripts-testing/sysadmins/actions-runner/bin'
[2022-10-26 12:51:30Z INFO ConfigurationStore] binPath: /home/bj/C+/scripts-testing/sysadmins/actions-runner/bin
[2022-10-26 12:51:30Z INFO HostContext] Well known directory 'Bin': '/home/bj/C+/scripts-testing/sysadmins/actions-runner/bin'
[2022-10-26 12:51:30Z INFO HostContext] Well known directory 'Root': '/home/bj/C+/scripts-testing/sysadmins/actions-runner'
[2022-10-26 12:51:30Z INFO ConfigurationStore] RootFolder: /home/bj/C+/scripts-testing/sysadmins/actions-runner
[2022-10-26 12:51:30Z INFO HostContext] Well known directory 'Bin': '/home/bj/C+/scripts-testing/sysadmins/actions-runner/bin'
[2022-10-26 12:51:30Z INFO HostContext] Well known directory 'Root': '/home/bj/C+/scripts-testing/sysadmins/actions-runner'
[2022-10-26 12:51:30Z INFO HostContext] Well known config file 'Runner': '/home/bj/C+/scripts-testing/sysadmins/actions-runner/.runner'
[2022-10-26 12:51:30Z INFO ConfigurationStore] ConfigFilePath: /home/bj/C+/scripts-testing/sysadmins/actions-runner/.runner
[2022-10-26 12:51:30Z INFO HostContext] Well known directory 'Bin': '/home/bj/C+/scripts-testing/sysadmins/actions-runner/bin'
[2022-10-26 12:51:30Z INFO HostContext] Well known directory 'Root': '/home/bj/C+/scripts-testing/sysadmins/actions-runner'
[2022-10-26 12:51:30Z INFO HostContext] Well known config file 'Credentials': '/home/bj/C+/scripts-testing/sysadmins/actions-runner/.credentials'
[2022-10-26 12:51:30Z INFO ConfigurationStore] CredFilePath: /home/bj/C+/scripts-testing/sysadmins/actions-runner/.credentials
[2022-10-26 12:51:30Z INFO HostContext] Well known directory 'Bin': '/home/bj/C+/scripts-testing/sysadmins/actions-runner/bin'
[2022-10-26 12:51:30Z INFO HostContext] Well known directory 'Root': '/home/bj/C+/scripts-testing/sysadmins/actions-runner'
[2022-10-26 12:51:30Z INFO HostContext] Well known config file 'MigratedCredentials': '/home/bj/C+/scripts-testing/sysadmins/actions-runner/.credentials_migrated'
[2022-10-26 12:51:30Z INFO ConfigurationStore] MigratedCredFilePath: /home/bj/C+/scripts-testing/sysadmins/actions-runner/.credentials_migrated
[2022-10-26 12:51:30Z INFO HostContext] Well known directory 'Bin': '/home/bj/C+/scripts-testing/sysadmins/actions-runner/bin'
[2022-10-26 12:51:30Z INFO HostContext] Well known directory 'Root': '/home/bj/C+/scripts-testing/sysadmins/actions-runner'
[2022-10-26 12:51:30Z INFO HostContext] Well known config file 'Service': '/home/bj/C+/scripts-testing/sysadmins/actions-runner/.service'
[2022-10-26 12:51:30Z INFO ConfigurationStore] ServiceConfigFilePath: /home/bj/C+/scripts-testing/sysadmins/actions-runner/.service
[2022-10-26 12:51:30Z INFO CommandSettings] Flag 'help': 'False'
[2022-10-26 12:51:30Z INFO CommandSettings] Flag 'version': 'False'
[2022-10-26 12:51:30Z INFO CommandSettings] Flag 'commit': 'False'
[2022-10-26 12:51:30Z INFO CommandSettings] Flag 'check': 'False'
[2022-10-26 12:51:30Z INFO CommandSettings] Command 'configure': 'False'
[2022-10-26 12:51:30Z INFO CommandSettings] Command 'remove': 'False'
[2022-10-26 12:51:30Z INFO CommandSettings] Command 'warmup': 'False'
[2022-10-26 12:51:30Z INFO ConfigurationManager] LoadSettings
[2022-10-26 12:51:30Z INFO ConfigurationStore] IsConfigured()
[2022-10-26 12:51:30Z INFO ConfigurationStore] IsConfigured: True
[2022-10-26 12:51:30Z INFO ConfigurationManager] Is configured: True
[2022-10-26 12:51:30Z INFO ConfigurationStore] Read setting file: 281 chars
[2022-10-26 12:51:30Z INFO ConfigurationManager] Settings Loaded
[2022-10-26 12:51:30Z INFO ConfigurationStore] IsServiceConfigured()
[2022-10-26 12:51:30Z INFO ConfigurationStore] IsServiceConfigured: False
[2022-10-26 12:51:30Z INFO CommandSettings] Command 'run': 'True'
[2022-10-26 12:51:30Z INFO ConfigurationStore] IsConfigured()
[2022-10-26 12:51:30Z INFO ConfigurationStore] IsConfigured: True
[2022-10-26 12:51:30Z INFO ConfigurationManager] Is configured: True
[2022-10-26 12:51:30Z INFO Runner] Could not parse the argument value '' for StartupType. Defaulting to Manual
[2022-10-26 12:51:30Z INFO Runner] Set runner startup type - Manual
[2022-10-26 12:51:30Z INFO CommandSettings] Flag 'once': 'False'
[2022-10-26 12:51:30Z INFO CommandSettings] Flag 'once': 'False'
[2022-10-26 12:51:30Z INFO Runner] RunAsync
[2022-10-26 12:51:30Z INFO ConfigurationManager] LoadSettings
[2022-10-26 12:51:30Z INFO ConfigurationStore] IsConfigured()
[2022-10-26 12:51:30Z INFO ConfigurationStore] IsConfigured: True
[2022-10-26 12:51:30Z INFO ConfigurationManager] Is configured: True
[2022-10-26 12:51:30Z INFO ConfigurationManager] Settings Loaded
[2022-10-26 12:51:30Z INFO MessageListener] {
  "AgentId": 3,
  "AgentName": "test",
  "PoolId": 1,
  "PoolName": "Default",
  "ServerUrl": "https://pipelines.actions.githubusercontent.com/ATkqz4ZCgTaLyJitVbmL6GdwuuhURfE2BFviEc3xJKf8sipEOW",
  "GitHubUrl": "https://github.com/jablon1989/sysadmins",
  "WorkFolder": "_work"
}
[2022-10-26 12:51:30Z INFO MessageListener] Loading Credentials
[2022-10-26 12:51:30Z INFO ConfigurationStore] HasCredentials()
[2022-10-26 12:51:30Z INFO ConfigurationStore] stored True
[2022-10-26 12:51:30Z INFO CredentialManager] GetCredentialProvider
[2022-10-26 12:51:30Z INFO CredentialManager] Creating type OAuth
[2022-10-26 12:51:30Z INFO CredentialManager] Creating credential type: OAuth
[2022-10-26 12:51:30Z INFO HostContext] Well known directory 'Bin': '/home/bj/C+/scripts-testing/sysadmins/actions-runner/bin'
[2022-10-26 12:51:30Z INFO HostContext] Well known directory 'Root': '/home/bj/C+/scripts-testing/sysadmins/actions-runner'
[2022-10-26 12:51:30Z INFO HostContext] Well known config file 'RSACredentials': '/home/bj/C+/scripts-testing/sysadmins/actions-runner/.credentials_rsaparams'
[2022-10-26 12:51:30Z INFO RSAFileKeyManager] Loading RSA key parameters from file /home/bj/C+/scripts-testing/sysadmins/actions-runner/.credentials_rsaparams
[2022-10-26 12:51:30Z INFO MessageListener] Attempt to create session.
[2022-10-26 12:51:30Z INFO MessageListener] Connecting to the Runner Server...
[2022-10-26 12:51:30Z INFO RunnerServer] Establish connection with 100 seconds timeout.
[2022-10-26 12:51:30Z INFO GitHubActionsService] Starting operation Location.GetConnectionData
[2022-10-26 12:51:30Z INFO RunnerServer] Establish connection with 60 seconds timeout.
[2022-10-26 12:51:30Z INFO GitHubActionsService] Starting operation Location.GetConnectionData
[2022-10-26 12:51:30Z INFO RunnerServer] Establish connection with 60 seconds timeout.
[2022-10-26 12:51:30Z INFO GitHubActionsService] Starting operation Location.GetConnectionData
[2022-10-26 12:51:30Z INFO GitHubActionsService] Finished operation Location.GetConnectionData
[2022-10-26 12:51:30Z INFO GitHubActionsService] Finished operation Location.GetConnectionData
[2022-10-26 12:51:31Z INFO GitHubActionsService] Finished operation Location.GetConnectionData
[2022-10-26 12:51:31Z INFO MessageListener] VssConnection created
[2022-10-26 12:51:31Z INFO Terminal] WRITE LINE: 
[2022-10-26 12:51:31Z INFO Terminal] WRITE LINE: 
[2022-10-26 12:51:31Z INFO RSAFileKeyManager] Loading RSA key parameters from file /home/bj/C+/scripts-testing/sysadmins/actions-runner/.credentials_rsaparams
[2022-10-26 12:51:31Z INFO RSAFileKeyManager] Loading RSA key parameters from file /home/bj/C+/scripts-testing/sysadmins/actions-runner/.credentials_rsaparams
[2022-10-26 12:51:31Z INFO GitHubActionsService] AAD Correlation ID for this token request: Unknown
[2022-10-26 12:51:31Z INFO MessageListener] Session created.
[2022-10-26 12:51:31Z INFO Terminal] WRITE LINE: Current runner version: '2.298.2'
[2022-10-26 12:51:31Z INFO Terminal] WRITE LINE: 2022-10-26 12:51:31Z: Listening for Jobs
[2022-10-26 12:51:31Z INFO JobDispatcher] Set runner/worker IPC timeout to 30 seconds.
[2022-10-26 12:56:38Z INFO Terminal] WRITE LINE: Exiting...
[2022-10-26 12:56:38Z INFO ConfigurationStore] IsServiceConfigured()
[2022-10-26 12:56:38Z INFO ConfigurationStore] IsServiceConfigured: False
[2022-10-26 12:56:38Z INFO HostContext] Runner will be shutdown for UserCancelled
[2022-10-26 12:56:38Z WARN GitHubActionsService] GET request to https://pipelines.actions.githubusercontent.com/ATkqz4ZCgTaLyJitVbmL6GdwuuhURfE2BFviEc3xJKf8sipEOW/_apis/distributedtask/pools/1/messages?sessionId=a5bd7e47-6bb6-4b24-9aba-6d070880d781&status=Online has been cancelled.
[2022-10-26 12:56:38Z INFO MessageListener] Get next message has been cancelled.
[2022-10-26 12:56:38Z INFO JobDispatcher] Shutting down JobDispatcher. Make sure all WorkerDispatcher has finished.
[2022-10-26 12:56:38Z INFO Listener] Runner execution been cancelled.
